Determining if the pthread_create exist failed with the following output:
Change Dir: /home/mathias/sph_opengl/build/CMakeFiles/CMakeTmp

Run Build Command:"/usr/bin/make" "cmTC_0dc82/fast"
/usr/bin/make -f CMakeFiles/cmTC_0dc82.dir/build.make CMakeFiles/cmTC_0dc82.dir/build
make[1]: Entering directory '/home/mathias/sph_opengl/build/CMakeFiles/CMakeTmp'
Building C object CMakeFiles/cmTC_0dc82.dir/CheckSymbolExists.c.o
/usr/bin/cc    -fPIC  -fPIE   -o CMakeFiles/cmTC_0dc82.dir/CheckSymbolExists.c.o   -c /home/mathias/sph_opengl/build/CMakeFiles/CMakeTmp/CheckSymbolExists.c
Linking C executable cmTC_0dc82
/usr/local/bin/cmake -E cmake_link_script CMakeFiles/cmTC_0dc82.dir/link.txt --verbose=1
/usr/bin/cc  -fPIC     CMakeFiles/cmTC_0dc82.dir/CheckSymbolExists.c.o  -o cmTC_0dc82 
CMakeFiles/cmTC_0dc82.dir/CheckSymbolExists.c.o: In function `main':
CheckSymbolExists.c:(.text+0x1b): undefined reference to `pthread_create'
collect2: error: ld returned 1 exit status
CMakeFiles/cmTC_0dc82.dir/build.make:97: recipe for target 'cmTC_0dc82' failed
make[1]: *** [cmTC_0dc82] Error 1
make[1]: Leaving directory '/home/mathias/sph_opengl/build/CMakeFiles/CMakeTmp'
Makefile:126: recipe for target 'cmTC_0dc82/fast' failed
make: *** [cmTC_0dc82/fast] Error 2

File /home/mathias/sph_opengl/build/CMakeFiles/CMakeTmp/CheckSymbolExists.c:
/* */
#include <pthread.h>

int main(int argc, char** argv)
{
  (void)argv;
#ifndef pthread_create
  return ((int*)(&pthread_create))[argc];
#else
  (void)argc;
  return 0;
#endif
}

Determining if the function pthread_create exists in the pthreads failed with the following output:
Change Dir: /home/mathias/sph_opengl/build/CMakeFiles/CMakeTmp

Run Build Command:"/usr/bin/make" "cmTC_641e7/fast"
/usr/bin/make -f CMakeFiles/cmTC_641e7.dir/build.make CMakeFiles/cmTC_641e7.dir/build
make[1]: Entering directory '/home/mathias/sph_opengl/build/CMakeFiles/CMakeTmp'
Building C object CMakeFiles/cmTC_641e7.dir/CheckFunctionExists.c.o
/usr/bin/cc    -fPIC -DCHECK_FUNCTION_EXISTS=pthread_create -fPIE   -o CMakeFiles/cmTC_641e7.dir/CheckFunctionExists.c.o   -c /usr/local/share/cmake-3.7/Modules/CheckFunctionExists.c
Linking C executable cmTC_641e7
/usr/local/bin/cmake -E cmake_link_script CMakeFiles/cmTC_641e7.dir/link.txt --verbose=1
/usr/bin/cc  -fPIC -DCHECK_FUNCTION_EXISTS=pthread_create    CMakeFiles/cmTC_641e7.dir/CheckFunctionExists.c.o  -o cmTC_641e7 -lpthreads 
/usr/bin/ld: cannot find -lpthreads
collect2: error: ld returned 1 exit status
CMakeFiles/cmTC_641e7.dir/build.make:97: recipe for target 'cmTC_641e7' failed
make[1]: *** [cmTC_641e7] Error 1
make[1]: Leaving directory '/home/mathias/sph_opengl/build/CMakeFiles/CMakeTmp'
Makefile:126: recipe for target 'cmTC_641e7/fast' failed
make: *** [cmTC_641e7/fast] Error 2


